Started GET "/" for 127.0.0.1 at 2022-01-14 13:19:36 -0800
Processing by ApplicationController#root as */*
  Rendering application/root.html.erb
  Rendered application/root.html.erb (Duration: 1.2ms | Allocations: 391)
Completed 200 OK in 5ms (Views: 4.8ms | Allocations: 2176)


Started GET "/outgoing-http-call" for 127.0.0.1 at 2022-01-14 13:19:36 -0800
Processing by ApplicationController#outgoing_http_call as */*
Completed 200 OK in 80ms (Views: 0.3ms | Allocations: 1554)


Started GET "/aws-sdk-call" for 127.0.0.1 at 2022-01-14 13:19:36 -0800
Processing by ApplicationController#aws_sdk_call as */*
Completed 200 OK in 186ms (Views: 0.2ms | Allocations: 31202)


Started GET "/" for 127.0.0.1 at 2022-01-14 13:20:17 -0800
Processing by ApplicationController#root as */*
  Rendering application/root.html.erb
  Rendered application/root.html.erb (Duration: 1.7ms | Allocations: 391)
Completed 200 OK in 6ms (Views: 5.8ms | Allocations: 2176)


Started GET "/outgoing-http-call" for 127.0.0.1 at 2022-01-14 13:20:17 -0800
Processing by ApplicationController#outgoing_http_call as */*
Completed 200 OK in 104ms (Views: 0.3ms | Allocations: 1538)


Started GET "/aws-sdk-call" for 127.0.0.1 at 2022-01-14 13:20:17 -0800
Processing by ApplicationController#aws_sdk_call as */*
Completed 200 OK in 219ms (Views: 0.2ms | Allocations: 31200)


Started GET "/" for 127.0.0.1 at 2022-01-14 13:21:45 -0800
Processing by ApplicationController#root as */*
  Rendering application/root.html.erb
  Rendered application/root.html.erb (Duration: 1.7ms | Allocations: 391)
Completed 200 OK in 7ms (Views: 6.5ms | Allocations: 2176)


Started GET "/outgoing-http-call" for 127.0.0.1 at 2022-01-14 13:21:45 -0800
Processing by ApplicationController#outgoing_http_call as */*
Completed 200 OK in 110ms (Views: 0.2ms | Allocations: 1551)


Started GET "/aws-sdk-call" for 127.0.0.1 at 2022-01-14 13:21:45 -0800
Processing by ApplicationController#aws_sdk_call as */*
Completed 200 OK in 206ms (Views: 0.1ms | Allocations: 31207)


Started GET "/" for 127.0.0.1 at 2022-01-14 13:22:42 -0800
Processing by ApplicationController#root as */*
  Rendering application/root.html.erb
  Rendered application/root.html.erb (Duration: 1.8ms | Allocations: 391)
Completed 200 OK in 7ms (Views: 6.7ms | Allocations: 2176)


Started GET "/outgoing-http-call" for 127.0.0.1 at 2022-01-14 13:22:42 -0800
Processing by ApplicationController#outgoing_http_call as */*
Completed 200 OK in 97ms (Views: 0.2ms | Allocations: 1496)


Started GET "/aws-sdk-call" for 127.0.0.1 at 2022-01-14 13:22:42 -0800
Processing by ApplicationController#aws_sdk_call as */*
Completed 200 OK in 184ms (Views: 0.2ms | Allocations: 31835)


Started GET "/" for 127.0.0.1 at 2022-01-14 15:08:34 -0800
Processing by ApplicationController#root as */*
  Rendering application/root.html.erb
  Rendered application/root.html.erb (Duration: 1.7ms | Allocations: 391)
Completed 200 OK in 7ms (Views: 6.8ms | Allocations: 2176)


Started GET "/" for 127.0.0.1 at 2022-01-14 16:25:46 -0800
Processing by ApplicationController#root as */*
  Rendering application/root.html.erb
  Rendered application/root.html.erb (Duration: 2.0ms | Allocations: 391)
Completed 200 OK in 8ms (Views: 7.7ms | Allocations: 2176)


Started GET "/outgoing-http-call" for 127.0.0.1 at 2022-01-14 16:25:46 -0800
Processing by ApplicationController#outgoing_http_call as */*
Completed 200 OK in 109ms (Views: 0.2ms | Allocations: 1527)


Started GET "/aws-sdk-call" for 127.0.0.1 at 2022-01-14 16:25:46 -0800
Processing by ApplicationController#aws_sdk_call as */*
Completed 200 OK in 247ms (Views: 0.2ms | Allocations: 31201)


Started GET "/" for 127.0.0.1 at 2022-01-14 16:27:08 -0800
Processing by ApplicationController#root as */*
  Rendering application/root.html.erb
  Rendered application/root.html.erb (Duration: 1.9ms | Allocations: 391)
Completed 200 OK in 7ms (Views: 7.2ms | Allocations: 2176)


Started GET "/outgoing-http-call" for 127.0.0.1 at 2022-01-14 16:27:08 -0800
Processing by ApplicationController#outgoing_http_call as */*
Completed 200 OK in 107ms (Views: 0.2ms | Allocations: 1554)


Started GET "/aws-sdk-call" for 127.0.0.1 at 2022-01-14 16:27:08 -0800
Processing by ApplicationController#aws_sdk_call as */*
Completed 200 OK in 191ms (Views: 0.2ms | Allocations: 31202)


Started GET "/" for 127.0.0.1 at 2022-01-14 16:33:51 -0800
Processing by ApplicationController#root as */*
  Rendering application/root.html.erb
  Rendered application/root.html.erb (Duration: 2.1ms | Allocations: 391)
Completed 200 OK in 8ms (Views: 8.1ms | Allocations: 2176)


Started GET "/outgoing-http-call" for 127.0.0.1 at 2022-01-14 16:33:51 -0800
Processing by ApplicationController#outgoing_http_call as */*
Completed 200 OK in 105ms (Views: 0.3ms | Allocations: 1560)


Started GET "/aws-sdk-call" for 127.0.0.1 at 2022-01-14 16:33:52 -0800
Processing by ApplicationController#aws_sdk_call as */*
Completed 200 OK in 267ms (Views: 0.2ms | Allocations: 31205)


Started GET "/" for 127.0.0.1 at 2022-01-14 16:42:54 -0800
Processing by ApplicationController#root as */*
  Rendering application/root.html.erb
  Rendered application/root.html.erb (Duration: 1.9ms | Allocations: 391)
Completed 200 OK in 7ms (Views: 7.2ms | Allocations: 2176)


Started GET "/outgoing-http-call" for 127.0.0.1 at 2022-01-14 16:42:54 -0800
Processing by ApplicationController#outgoing_http_call as */*
Completed 200 OK in 104ms (Views: 0.2ms | Allocations: 1521)


Started GET "/aws-sdk-call" for 127.0.0.1 at 2022-01-14 16:42:54 -0800
Processing by ApplicationController#aws_sdk_call as */*
Completed 200 OK in 178ms (Views: 0.2ms | Allocations: 31202)


Started GET "/" for 127.0.0.1 at 2022-01-14 16:49:28 -0800
Processing by ApplicationController#root as */*
  Rendering application/root.html.erb
  Rendered application/root.html.erb (Duration: 1.6ms | Allocations: 391)
Completed 200 OK in 6ms (Views: 5.8ms | Allocations: 2176)


Started GET "/outgoing-http-call" for 127.0.0.1 at 2022-01-14 16:49:28 -0800
Processing by ApplicationController#outgoing_http_call as */*
Completed 200 OK in 112ms (Views: 0.2ms | Allocations: 1527)


Started GET "/aws-sdk-call" for 127.0.0.1 at 2022-01-14 16:49:28 -0800
Processing by ApplicationController#aws_sdk_call as */*
Completed 200 OK in 278ms (Views: 0.2ms | Allocations: 31196)


Started GET "/" for 127.0.0.1 at 2022-01-14 16:53:49 -0800
Processing by ApplicationController#root as */*
  Rendering application/root.html.erb
  Rendered application/root.html.erb (Duration: 1.7ms | Allocations: 391)
Completed 200 OK in 7ms (Views: 6.5ms | Allocations: 2176)


Started GET "/outgoing-http-call" for 127.0.0.1 at 2022-01-14 16:53:49 -0800
Processing by ApplicationController#outgoing_http_call as */*
Completed 200 OK in 109ms (Views: 0.2ms | Allocations: 1442)


Started GET "/aws-sdk-call" for 127.0.0.1 at 2022-01-14 16:53:49 -0800
Processing by ApplicationController#aws_sdk_call as */*
Completed 200 OK in 286ms (Views: 0.2ms | Allocations: 31203)


Started GET "/" for 127.0.0.1 at 2022-01-14 17:02:13 -0800
Processing by ApplicationController#root as */*
  Rendering application/root.html.erb
  Rendered application/root.html.erb (Duration: 1.8ms | Allocations: 392)
Completed 200 OK in 6ms (Views: 6.2ms | Allocations: 2177)


Started GET "/outgoing-http-call" for 127.0.0.1 at 2022-01-14 17:02:13 -0800
Processing by ApplicationController#outgoing_http_call as */*
Completed 200 OK in 104ms (Views: 0.2ms | Allocations: 1536)


Started GET "/aws-sdk-call" for 127.0.0.1 at 2022-01-14 17:02:13 -0800
Processing by ApplicationController#aws_sdk_call as */*
Completed 200 OK in 214ms (Views: 0.2ms | Allocations: 31199)


